    October 2021      
Su Mo Tu We Th Fr Sa  
                1  2  
 3  4  5  6  7  8  9  
10 11 12 13 14 15 16  
17 18 19 20 21 22 23  
_2_4 25 26 27 28 29 30  
31                    
LICENSE
README.md
TEST1.txt
Test.3
asus
dummy1-test
dummy2-test
dummy3-test
dummy4-test
dummy5-test
dummy6-test
dummy7-test
dummy8-test
dummy9-test
email.txt
emp.txt
host1.py
host2.py
host3.py
host4.py
host5.py
host6.py
host7.py
host8.py
linux.txt
login.txt
name.txt
nohup.out
student.txt
t1
t2
t3
t4
t5
t6
t7
t8
t9
task1try
test2.txt
ttm1
tx1
tx2
tx3
tx4
